IP1/app/build/intermediates/manifest_merge_blame_file/debug/manifest-merger-blame-debug-report.txt
1<?xml version="1.0" encoding="utf-8"?>
2<manifest xmlns:android="http://schemas.android.com/apk/res/android"
3    package="com.example.newedtester"
4    android:versionCode="1"
5    android:versionName="1.0" >
6
7    <uses-sdk
7-->src\main\AndroidManifest.xml:7:5-47
8        android:minSdkVersion="14"
8-->src\main\AndroidManifest.xml:7:5-47
9        android:targetSdkVersion="21" />
9-->src\main\AndroidManifest.xml:7:15-44
10
11    <uses-permission android:name="android.permission.SEND_SMS" />
11-->src\main\AndroidManifest.xml:24:3-64
11-->src\main\AndroidManifest.xml:24:20-62
12    <uses-permission android:name="android.permission.READ_PHONE_STATE" />
12-->src\main\AndroidManifest.xml:25:1-71
12-->src\main\AndroidManifest.xml:25:18-68
13    <uses-permission android:name="android.permission.INTERNET" />
13-->src\main\AndroidManifest.xml:26:5-67
13-->src\main\AndroidManifest.xml:26:22-64
14
15    <!-- Network State Permissions -->
16    <uses-permission android:name="android.permission.ACCESS_NETWORK_STATE" />
16-->src\main\AndroidManifest.xml:29:5-79
16-->src\main\AndroidManifest.xml:29:22-76
17
18    <application
18-->src\main\AndroidManifest.xml:9:5-23:19
19        android:allowBackup="true"
19-->src\main\AndroidManifest.xml:10:9-35
20        android:debuggable="true"
21        android:icon="@drawable/ic_launcher"
21-->src\main\AndroidManifest.xml:11:9-45
22        android:label="@string/app_name"
22-->src\main\AndroidManifest.xml:12:9-41
23        android:theme="@android:style/Theme" >
23-->src\main\AndroidManifest.xml:13:9-45
24        <activity
24-->src\main\AndroidManifest.xml:14:9-22:20
25            android:name="com.example.newedtester.MainActivity"
25-->src\main\AndroidManifest.xml:15:13-41
26            android:label="@string/app_name" >
26-->src\main\AndroidManifest.xml:16:13-45
27            <intent-filter>
27-->src\main\AndroidManifest.xml:17:13-21:29
28                <action android:name="android.intent.action.MAIN" />
28-->src\main\AndroidManifest.xml:18:17-69
28-->src\main\AndroidManifest.xml:18:25-66
29
30                <category android:name="android.intent.category.LAUNCHER" />
30-->src\main\AndroidManifest.xml:20:17-77
30-->src\main\AndroidManifest.xml:20:27-74
31            </intent-filter>
32        </activity>
33    </application>
34
35</manifest>